\BOOKMARK [0][-]{Doc-Start}{Introduction}{}% 1
\BOOKMARK [0][-]{chapter.10}{Preliminaries}{}% 2
\BOOKMARK [1][-]{section.11}{Little-oh notation}{chapter.10}% 3
\BOOKMARK [1][-]{section.26}{Product metric}{chapter.10}% 4
\BOOKMARK [1][-]{section.29}{Norms on vector spaces}{chapter.10}% 5
\BOOKMARK [2][-]{subsection.35}{Norms induce metrics}{section.29}% 6
\BOOKMARK [2][-]{subsection.42}{Equivalence of norms}{section.29}% 7
\BOOKMARK [2][-]{subsection.46}{Norms on finite dimensional vector spaces}{section.29}% 8
\BOOKMARK [2][-]{subsection.51}{Sup norm on real-valued functions}{section.29}% 9
\BOOKMARK [1][-]{section.56}{Euclidean space}{chapter.10}% 10
\BOOKMARK [2][-]{subsection.57}{Linear structure on Rn}{section.56}% 11
\BOOKMARK [2][-]{subsection.58}{Norms on Rn}{section.56}% 12
\BOOKMARK [1][-]{section.59}{Matrices}{chapter.10}% 13
\BOOKMARK [2][-]{subsection.66}{Matrix representations of linear maps}{section.59}% 14
\BOOKMARK [2][-]{subsection.79}{Matrix norm}{section.59}% 15
\BOOKMARK [1][-]{section.84}{Operator norm}{chapter.10}% 16
\BOOKMARK [2][-]{subsection.85}{Basics}{section.84}% 17
\BOOKMARK [2][-]{subsection.96}{Operator norm as a metric *}{section.84}% 18
\BOOKMARK [1][-]{section.102}{Topological spaces}{chapter.10}% 19
\BOOKMARK [2][-]{subsection.103}{Basics}{section.102}% 20
\BOOKMARK [2][-]{subsection.131}{Hausdorff spaces *}{section.102}% 21
\BOOKMARK [2][-]{subsection.135}{Compact and sigma-compact spaces *}{section.102}% 22
\BOOKMARK [0][-]{chapter.140}{Single variable derivatives}{}% 23
\BOOKMARK [1][-]{section.141}{Two definitions of the derivative}{chapter.140}% 24
\BOOKMARK [2][-]{subsection.142}{Slope of the tangent line}{section.141}% 25
\BOOKMARK [2][-]{subsection.159}{Best linear approximation}{section.141}% 26
\BOOKMARK [1][-]{section.166}{Computing derivatives}{chapter.140}% 27
\BOOKMARK [2][-]{subsection.167}{Sum and scalar multiples rule}{section.166}% 28
\BOOKMARK [2][-]{subsection.171}{Product and quotient rules}{section.166}% 29
\BOOKMARK [2][-]{subsection.179}{Chain rule}{section.166}% 30
\BOOKMARK [2][-]{subsection.193}{Interior extremum theorem}{section.166}% 31
\BOOKMARK [2][-]{subsection.198}{Non-rational functions}{section.166}% 32
\BOOKMARK [1][-]{section.215}{Differentiable functions}{chapter.140}% 33
\BOOKMARK [2][-]{subsection.219}{Mean value theorem}{section.215}% 34
\BOOKMARK [2][-]{subsection.238}{Monotonicity}{section.215}% 35
\BOOKMARK [2][-]{subsection.255}{Concavity}{section.215}% 36
\BOOKMARK [2][-]{subsection.267}{Darboux's theorem *}{section.215}% 37
\BOOKMARK [2][-]{subsection.282}{Inverse function theorem}{section.215}% 38
\BOOKMARK [2][-]{subsection.286}{Uniform limits *}{section.215}% 39
\BOOKMARK [1][-]{section.298}{Ck hierarchy}{chapter.140}% 40
\BOOKMARK [2][-]{subsection.299}{Continuous differentiability}{section.298}% 41
\BOOKMARK [2][-]{subsection.305}{Ck functions}{section.298}% 42
\BOOKMARK [2][-]{subsection.320}{Taylor's theorem *}{section.298}% 43
\BOOKMARK [2][-]{subsection.331}{Smooth functions}{section.298}% 44
\BOOKMARK [0][-]{chapter.361}{Multivariable derivatives}{}% 45
\BOOKMARK [1][-]{section.362}{Introductory example}{chapter.361}% 46
\BOOKMARK [1][-]{section.372}{Definition of the derivative}{chapter.361}% 47
\BOOKMARK [1][-]{section.386}{Computing derivatives}{chapter.361}% 48
\BOOKMARK [2][-]{subsection.387}{Sum and scalar multiples rule}{section.386}% 49
\BOOKMARK [2][-]{subsection.390}{Chain rule}{section.386}% 50
\BOOKMARK [2][-]{subsection.398}{Differentiability by components}{section.386}% 51
\BOOKMARK [2][-]{subsection.404}{Product and quotient rules}{section.386}% 52
\BOOKMARK [2][-]{subsection.408}{Directional and partial derivatives}{section.386}% 53
\BOOKMARK [2][-]{subsection.446}{Jacobian matrix}{section.386}% 54
\BOOKMARK [2][-]{subsection.450}{Rank of a differentiable map}{section.386}% 55
\BOOKMARK [1][-]{section.465}{Differentiable functions}{chapter.361}% 56
\BOOKMARK [2][-]{subsection.468}{Convex subsets}{section.465}% 57
\BOOKMARK [2][-]{subsection.474}{Vanishing derivatives}{section.465}% 58
\BOOKMARK [2][-]{subsection.484}{Bounded derivatives}{section.465}% 59
\BOOKMARK [2][-]{subsection.490}{Inverse function theorem}{section.465}% 60
\BOOKMARK [2][-]{subsection.506}{Proof of the inverse function theorem *}{section.465}% 61
\BOOKMARK [1][-]{section.522}{Ck hierarchy}{chapter.361}% 62
\BOOKMARK [2][-]{subsection.523}{Continuous differentiability}{section.522}% 63
\BOOKMARK [2][-]{subsection.546}{Ck functions}{section.522}% 64
\BOOKMARK [2][-]{subsection.553}{Equality of mixed partials *}{section.522}% 65
\BOOKMARK [2][-]{subsection.561}{Taylor's theorem *}{section.522}% 66
\BOOKMARK [2][-]{subsection.581}{Smooth functions}{section.522}% 67
\BOOKMARK [0][-]{chapter.594}{Manifolds}{}% 68
\BOOKMARK [1][-]{section.595}{Definition of a manifold}{chapter.594}% 69
\BOOKMARK [2][-]{subsection.596}{Charts}{section.595}% 70
\BOOKMARK [2][-]{subsection.600}{Compatibility of charts}{section.595}% 71
\BOOKMARK [2][-]{subsection.607}{Atlases and manifolds}{section.595}% 72
\BOOKMARK [2][-]{subsection.611}{Dimension}{section.595}% 73
\BOOKMARK [1][-]{section.613}{Examples}{chapter.594}% 74
\BOOKMARK [2][-]{subsection.614}{First examples}{section.613}% 75
\BOOKMARK [2][-]{subsection.641}{M\366bius strip}{section.613}% 76
\BOOKMARK [2][-]{subsection.648}{More quotient examples}{section.613}% 77
\BOOKMARK [2][-]{subsection.652}{Submanifolds}{section.613}% 78
\BOOKMARK [2][-]{subsection.665}{Submanifolds of euclidean space}{section.613}% 79
\BOOKMARK [1][-]{section.680}{Smooth functions}{chapter.594}% 80
\BOOKMARK [2][-]{subsection.681}{Smooth real-valued functions}{section.680}% 81
\BOOKMARK [2][-]{subsection.701}{Smooth functions between manifolds}{section.680}% 82
\BOOKMARK [2][-]{subsection.714}{Paths}{section.680}% 83
\BOOKMARK [2][-]{subsection.715}{Diffeomorphisms}{section.680}% 84
\BOOKMARK [0][-]{chapter.722}{Tangent Spaces}{}% 85
\BOOKMARK [1][-]{section.723}{Tangent space}{chapter.722}% 86
\BOOKMARK [2][-]{subsection.724}{Curves based at a point}{section.723}% 87
\BOOKMARK [2][-]{subsection.729}{Vector space structure}{section.723}% 88
\BOOKMARK [2][-]{subsection.747}{Derivations *}{section.723}% 89
\BOOKMARK [1][-]{section.756}{Pushforward}{chapter.722}% 90
\BOOKMARK [2][-]{subsection.757}{Definition of the pushforward}{section.756}% 91
\BOOKMARK [2][-]{subsection.764}{Rank of a smooth map}{section.756}% 92
\BOOKMARK [0][-]{chapter*.768}{Bibliography}{}% 93
\BOOKMARK [0][-]{chapter*.769}{Index}{}% 94
