\BOOKMARK [0][-]{Doc-Start}{Introduction}{}% 1
\BOOKMARK [0][-]{chapter.6}{Preliminaries}{}% 2
\BOOKMARK [1][-]{section.7}{Little-oh notation}{chapter.6}% 3
\BOOKMARK [1][-]{section.22}{Product metric}{chapter.6}% 4
\BOOKMARK [1][-]{section.25}{Norms on vector spaces}{chapter.6}% 5
\BOOKMARK [2][-]{subsection.31}{Norms induce metrics}{section.25}% 6
\BOOKMARK [2][-]{subsection.38}{Equivalence of norms}{section.25}% 7
\BOOKMARK [2][-]{subsection.42}{Norms on finite dimensional vector spaces}{section.25}% 8
\BOOKMARK [2][-]{subsection.47}{Sup norm on real-valued functions}{section.25}% 9
\BOOKMARK [1][-]{section.52}{Euclidean space}{chapter.6}% 10
\BOOKMARK [2][-]{subsection.53}{Linear structure on Rn}{section.52}% 11
\BOOKMARK [2][-]{subsection.54}{Norms on Rn}{section.52}% 12
\BOOKMARK [1][-]{section.55}{Matrices}{chapter.6}% 13
\BOOKMARK [2][-]{subsection.62}{Matrix representations of linear maps}{section.55}% 14
\BOOKMARK [2][-]{subsection.75}{Matrix norm}{section.55}% 15
\BOOKMARK [1][-]{section.80}{Operator norm}{chapter.6}% 16
\BOOKMARK [2][-]{subsection.81}{Basics}{section.80}% 17
\BOOKMARK [2][-]{subsection.92}{Operator norm as a metric *}{section.80}% 18
\BOOKMARK [1][-]{section.98}{Topological spaces}{chapter.6}% 19
\BOOKMARK [2][-]{subsection.99}{Basics}{section.98}% 20
\BOOKMARK [2][-]{subsection.127}{Hausdorff spaces *}{section.98}% 21
\BOOKMARK [2][-]{subsection.131}{Compact and sigma-compact spaces *}{section.98}% 22
\BOOKMARK [0][-]{chapter.136}{Single variable derivatives}{}% 23
\BOOKMARK [1][-]{section.137}{Two definitions of the derivative}{chapter.136}% 24
\BOOKMARK [2][-]{subsection.138}{Slope of the tangent line}{section.137}% 25
\BOOKMARK [2][-]{subsection.158}{Best linear approximation}{section.137}% 26
\BOOKMARK [1][-]{section.165}{Computing derivatives}{chapter.136}% 27
\BOOKMARK [2][-]{subsection.166}{Sum and scalar multiples rule}{section.165}% 28
\BOOKMARK [2][-]{subsection.169}{Product and quotient rules}{section.165}% 29
\BOOKMARK [2][-]{subsection.177}{Chain rule}{section.165}% 30
\BOOKMARK [2][-]{subsection.192}{Interior extremum theorem}{section.165}% 31
\BOOKMARK [2][-]{subsection.197}{Non-rational functions}{section.165}% 32
\BOOKMARK [1][-]{section.216}{Differentiable functions}{chapter.136}% 33
\BOOKMARK [2][-]{subsection.217}{Mean value theorem}{section.216}% 34
\BOOKMARK [2][-]{subsection.231}{Monotonicity}{section.216}% 35
\BOOKMARK [2][-]{subsection.245}{Darboux's theorem *}{section.216}% 36
\BOOKMARK [2][-]{subsection.255}{Inverse function theorem}{section.216}% 37
\BOOKMARK [2][-]{subsection.259}{Uniform limits *}{section.216}% 38
\BOOKMARK [1][-]{section.272}{Ck hierarchy}{chapter.136}% 39
\BOOKMARK [2][-]{subsection.273}{Continuous differentiability}{section.272}% 40
\BOOKMARK [2][-]{subsection.278}{Ck functions}{section.272}% 41
\BOOKMARK [2][-]{subsection.288}{Taylor's theorem *}{section.272}% 42
\BOOKMARK [2][-]{subsection.296}{Smooth functions}{section.272}% 43
\BOOKMARK [0][-]{chapter.326}{Multivariable derivatives}{}% 44
\BOOKMARK [1][-]{section.327}{Introductory example}{chapter.326}% 45
\BOOKMARK [1][-]{section.337}{Definition of the derivative}{chapter.326}% 46
\BOOKMARK [1][-]{section.348}{Computing derivatives}{chapter.326}% 47
\BOOKMARK [2][-]{subsection.349}{Sum and scalar multiples rule}{section.348}% 48
\BOOKMARK [2][-]{subsection.352}{Chain rule}{section.348}% 49
\BOOKMARK [2][-]{subsection.360}{Differentiability by components}{section.348}% 50
\BOOKMARK [2][-]{subsection.365}{Product and quotient rules}{section.348}% 51
\BOOKMARK [2][-]{subsection.369}{Directional and partial derivatives}{section.348}% 52
\BOOKMARK [2][-]{subsection.392}{Jacobian matrix}{section.348}% 53
\BOOKMARK [2][-]{subsection.396}{Rank of a differentiable map}{section.348}% 54
\BOOKMARK [1][-]{section.408}{Differentiable functions}{chapter.326}% 55
\BOOKMARK [2][-]{subsection.411}{Vanishing derivatives}{section.408}% 56
\BOOKMARK [2][-]{subsection.424}{Bounded derivatives}{section.408}% 57
\BOOKMARK [2][-]{subsection.430}{Inverse function theorem}{section.408}% 58
\BOOKMARK [2][-]{subsection.438}{Proof of the inverse function theorem *}{section.408}% 59
\BOOKMARK [1][-]{section.454}{Ck hierarchy}{chapter.326}% 60
\BOOKMARK [2][-]{subsection.455}{Continuous differentiability}{section.454}% 61
\BOOKMARK [2][-]{subsection.477}{Ck functions}{section.454}% 62
\BOOKMARK [2][-]{subsection.484}{Equality of mixed partials *}{section.454}% 63
\BOOKMARK [2][-]{subsection.492}{Taylor's theorem *}{section.454}% 64
\BOOKMARK [2][-]{subsection.508}{Smooth functions}{section.454}% 65
\BOOKMARK [0][-]{chapter.521}{Manifolds}{}% 66
\BOOKMARK [1][-]{section.522}{Definition of a manifold}{chapter.521}% 67
\BOOKMARK [2][-]{subsection.523}{Charts}{section.522}% 68
\BOOKMARK [2][-]{subsection.527}{Compatibility of charts}{section.522}% 69
\BOOKMARK [2][-]{subsection.534}{Atlases and manifolds}{section.522}% 70
\BOOKMARK [2][-]{subsection.538}{Dimension}{section.522}% 71
\BOOKMARK [1][-]{section.540}{Examples}{chapter.521}% 72
\BOOKMARK [2][-]{subsection.541}{First examples}{section.540}% 73
\BOOKMARK [2][-]{subsection.561}{M\366bius strip}{section.540}% 74
\BOOKMARK [2][-]{subsection.568}{More quotient examples}{section.540}% 75
\BOOKMARK [2][-]{subsection.572}{Submanifolds}{section.540}% 76
\BOOKMARK [2][-]{subsection.584}{Submanifolds of euclidean space}{section.540}% 77
\BOOKMARK [1][-]{section.594}{Smooth functions}{chapter.521}% 78
\BOOKMARK [2][-]{subsection.595}{Smooth real-valued functions}{section.594}% 79
\BOOKMARK [2][-]{subsection.615}{Smooth functions between manifolds}{section.594}% 80
\BOOKMARK [2][-]{subsection.628}{Paths}{section.594}% 81
\BOOKMARK [2][-]{subsection.629}{Diffeomorphisms}{section.594}% 82
\BOOKMARK [0][-]{chapter.636}{Tangent Spaces}{}% 83
\BOOKMARK [1][-]{section.637}{Tangent space}{chapter.636}% 84
\BOOKMARK [2][-]{subsection.638}{Curves based at a point}{section.637}% 85
\BOOKMARK [2][-]{subsection.643}{Vector space structure}{section.637}% 86
\BOOKMARK [2][-]{subsection.661}{Derivations *}{section.637}% 87
\BOOKMARK [1][-]{section.670}{Pushforward}{chapter.636}% 88
\BOOKMARK [2][-]{subsection.671}{Definition of the pushforward}{section.670}% 89
\BOOKMARK [2][-]{subsection.678}{Rank of a smooth map}{section.670}% 90
\BOOKMARK [0][-]{chapter*.682}{Bibliography}{}% 91
\BOOKMARK [0][-]{chapter*.683}{Index}{}% 92
